<?xml version="1.0" encoding="UTF-8"?>
<testsuite name="lab02.AddMyAlphasTest" tests="8" skipped="0" failures="0" errors="0" timestamp="2026-01-28T00:59:50" hostname="w134-87-042-252.wireless.uvic.ca" time="0.012">
  <properties/>
  <testcase name="negativesThrowException()" classname="lab02.AddMyAlphasTest" time="0.006"/>
  <testcase name="emptyStringReturnsZero()" classname="lab02.AddMyAlphasTest" time="0.0"/>
  <testcase name="numbersGreaterThan1000AreIgnored()" classname="lab02.AddMyAlphasTest" time="0.0"/>
  <testcase name="multipleNumbersReturnSum()" classname="lab02.AddMyAlphasTest" time="0.0"/>
  <testcase name="newLinesAreAllowed()" classname="lab02.AddMyAlphasTest" time="0.0"/>
  <testcase name="twoNumbersReturnSum()" classname="lab02.AddMyAlphasTest" time="0.001"/>
  <testcase name="singleNumberReturnsValue()" classname="lab02.AddMyAlphasTest" time="0.0"/>
  <testcase name="customDelimiterWorks()" classname="lab02.AddMyAlphasTest" time="0.0"/>
  <system-out><![CDATA[]]></system-out>
  <system-err><![CDATA[]]></system-err>
</testsuite>
